<?xml version="1.0" encoding="UTF-8"?>
<!-- Generated by org.testng.reporters.JUnitReportReporter -->
<testsuite hostname="dluskakk358121" name="com.sapient.Tests.BookFlightTest" tests="1" failures="0" timestamp="31 May 2017 06:08:23 GMT" time="43.123" errors="0">
  <testcase name="verifyBookFlightTest" time="43.123" classname="com.sapient.Tests.BookFlightTest"/>
</testsuite> <!-- com.sapient.Tests.BookFlightTest -->
