<?xml version="1.0" encoding="UTF-8"?>
<!-- Generated by org.testng.reporters.JUnitReportReporter -->
<testsuite hostname="dluskakk358121" name="tests.SearchFlightTest" tests="1" failures="0" timestamp="28 May 2017 18:53:16 GMT" time="7.571" errors="0">
  <testcase name="searchFlightTest" time="7.571" classname="tests.SearchFlightTest"/>
</testsuite> <!-- tests.SearchFlightTest -->
