<?xml version="1.0" encoding="UTF-8"?>
<!-- Generated by org.testng.reporters.JUnitReportReporter -->
<testsuite skipped="0" hostname="Users-MacBook-Pro.local" name="com.Tests.ConfirmationTest" tests="1" failures="0" timestamp="2020-05-05T10:16:17 IST" time="36.494" errors="0">
  <testcase name="VerifyConfirmationTest" time="36.494" classname="com.Tests.ConfirmationTest"/>
</testsuite> <!-- com.Tests.ConfirmationTest -->
