<?xml version="1.0" encoding="UTF-8"?>
<!-- Generated by org.testng.reporters.JUnitReportReporter -->
<testsuite hostname="dluskakk358121" name="tests.ConfirmationTest" tests="1" failures="0" timestamp="28 May 2017 11:51:31 GMT" time="12.499" errors="0">
  <testcase name="VerifyConfirmationTest" time="12.499" classname="tests.ConfirmationTest"/>
</testsuite> <!-- tests.ConfirmationTest -->
