<?xml version="1.0" encoding="UTF-8"?>
<!-- Generated by org.testng.reporters.JUnitReportReporter -->
<testsuite hostname="dluskakk358121" name="tests.BookFlightTest" tests="1" failures="0" timestamp="28 May 2017 11:50:40 GMT" time="11.534" errors="0">
  <testcase name="verifyBookFlightTest" time="11.534" classname="tests.BookFlightTest"/>
</testsuite> <!-- tests.BookFlightTest -->
