<?xml version="1.0" encoding="UTF-8"?>
<!-- Generated by org.testng.reporters.JUnitReportReporter -->
<testsuite hostname="dluskakk358121" name="tests.SelectFlightTest" tests="1" failures="0" timestamp="29 May 2017 06:10:22 GMT" time="11.629" errors="0">
  <testcase name="selectFlightTest" time="11.629" classname="tests.SelectFlightTest"/>
</testsuite> <!-- tests.SelectFlightTest -->
