<?xml version="1.0" encoding="UTF-8"?>
<!-- Generated by org.testng.reporters.JUnitReportReporter -->
<testsuite hostname="dluskakk358121" name="com.sapient.Tests.ConfirmationTest" tests="1" failures="0" timestamp="31 May 2017 06:08:23 GMT" time="45.649" errors="0">
  <testcase name="VerifyConfirmationTest" time="45.649" classname="com.sapient.Tests.ConfirmationTest"/>
</testsuite> <!-- com.sapient.Tests.ConfirmationTest -->
