<?xml version="1.0" encoding="UTF-8"?>
<!-- Generated by org.testng.reporters.JUnitReportReporter -->
<testsuite hostname="dluskakk358121" name="pages.SearchFlightTest" tests="1" failures="0" timestamp="27 May 2017 08:33:39 GMT" time="18.351" errors="0">
  <testcase name="searchFlightTest" time="18.351" classname="pages.SearchFlightTest"/>
</testsuite> <!-- pages.SearchFlightTest -->
