<?xml version="1.0" encoding="UTF-8"?>
<!-- Generated by org.testng.reporters.JUnitReportReporter -->
<testsuite skipped="0" hostname="Users-MacBook-Pro.local" name="com.Tests.SearchFlightTest" tests="1" failures="0" timestamp="2020-05-05T10:16:17 IST" time="28.910" errors="0">
  <testcase name="searchFlightTest" time="28.910" classname="com.Tests.SearchFlightTest"/>
</testsuite> <!-- com.Tests.SearchFlightTest -->
