<?xml version="1.0" encoding="UTF-8"?>
<!-- Generated by org.testng.reporters.JUnitReportReporter -->
<testsuite hostname="dluskakk358121" name="com.sapient.Tests.SearchFlightTest" tests="1" failures="0" timestamp="31 May 2017 06:08:23 GMT" time="65.082" errors="0">
  <testcase name="searchFlightTest" time="65.082" classname="com.sapient.Tests.SearchFlightTest"/>
</testsuite> <!-- com.sapient.Tests.SearchFlightTest -->
