<?xml version="1.0" encoding="UTF-8"?>
<!-- Generated by org.testng.reporters.JUnitReportReporter -->
<testsuite hostname="dluskakk358121" name="pages.LoginTest" tests="5" failures="0" timestamp="27 May 2017 08:30:14 GMT" time="20.877" errors="0">
  <testcase name="DateTest" time="0.138" classname="pages.LoginTest"/>
  <testcase name="loginTestCheck" time="11.820" classname="pages.LoginTest"/>
  <testcase name="ImageTest" time="0.070" classname="pages.LoginTest"/>
  <testcase name="loginTestCheck" time="2.511" classname="pages.LoginTest"/>
  <testcase name="loginTestCheck" time="6.338" classname="pages.LoginTest"/>
</testsuite> <!-- pages.LoginTest -->
