<?xml version="1.0" encoding="UTF-8"?>
<!-- Generated by org.testng.reporters.JUnitReportReporter -->
<testsuite hostname="dluskakk358121" name="com.sapient.Tests.SelectFlightTest" tests="1" failures="0" timestamp="31 May 2017 06:32:35 GMT" time="45.904" errors="0">
  <testcase name="selectFlightTest" time="45.904" classname="com.sapient.Tests.SelectFlightTest"/>
</testsuite> <!-- com.sapient.Tests.SelectFlightTest -->
